app/build/intermediates/manifest_merge_blame_file/debug/manifest-merger-blame-debug-report.txt
1<?xml version="1.0" encoding="utf-8"?>
2<manifest xmlns:android="http://schemas.android.com/apk/res/android"
3    package="com.afieat.ini"
4    android:versionCode="76"
5    android:versionName="3.6.0" >
6
7    <uses-sdk
7-->src/main/AndroidManifest.xml:6:5-62
8        android:minSdkVersion="16"
8-->src/main/AndroidManifest.xml:6:5-62
9        android:targetSdkVersion="29" />
9-->src/main/AndroidManifest.xml:6:5-62
10    <!--
11         The ACCESS_COARSE/FINE_LOCATION permissions are not required to use
12         Google Maps Android API v2, but you must specify either coarse or fine
13         location permissions for the 'MyLocation' functionality.
14    -->
15    <!--
16        <permission
17        android:name="com.github.hathibelagal.pn.permission.C2D_MESSAGE"
18        android:protectionLevel="signature" />
19    -->
20    <uses-permission android:name="android.permission.INTERNET" />
20-->src/main/AndroidManifest.xml:17:5-67
20-->src/main/AndroidManifest.xml:17:22-64
21    <uses-permission android:name="android.permission.ACCESS_NETWORK_STATE" />
21-->src/main/AndroidManifest.xml:18:5-79
21-->src/main/AndroidManifest.xml:18:22-76
22    <uses-permission android:name="android.permission.WRITE_EXTERNAL_STORAGE" />
22-->src/main/AndroidManifest.xml:19:5-81
22-->src/main/AndroidManifest.xml:19:22-78
23    <uses-permission android:name="android.permission.CAMERA" />
23-->src/main/AndroidManifest.xml:20:5-65
23-->src/main/AndroidManifest.xml:20:22-62
24    <uses-permission android:name="android.permission.ACCESS_FINE_LOCATION" />
24-->src/main/AndroidManifest.xml:21:5-78
24-->src/main/AndroidManifest.xml:21:22-76
25    <uses-permission android:name="android.permission.ACCESS_COARSE_LOCATION" /> <!-- <uses-permission android:name="com.github.hathibelagal.pn.permission.C2D_MESSAGE" /> -->
25-->src/main/AndroidManifest.xml:22:5-81
25-->src/main/AndroidManifest.xml:22:22-78
26    <uses-permission android:name="com.google.android.providers.gsf.permission.READ_GSERVICES" />
26-->src/main/AndroidManifest.xml:23:5-98
26-->src/main/AndroidManifest.xml:23:22-95
27    <uses-permission android:name="android.permission.WAKE_LOCK" />
27-->src/main/AndroidManifest.xml:24:5-68
27-->src/main/AndroidManifest.xml:24:22-65
28    <uses-permission android:name="com.google.android.c2dm.permission.RECEIVE" />
28-->src/main/AndroidManifest.xml:25:5-82
28-->src/main/AndroidManifest.xml:25:22-79
29    <uses-permission android:name="android.permission.CALL_PHONE" /> <!-- <uses-permission android:name="android.permission.READ_PHONE_STATE"/> -->
29-->src/main/AndroidManifest.xml:26:5-69
29-->src/main/AndroidManifest.xml:26:22-66
30    <!-- <uses-permission android:name="android.permission.READ_PHONE_NUMBERS"/> -->
31    <!-- <uses-permission android:name="android.permission.RECEIVE_SMS"/> -->
32    <!-- <uses-permission android:name="android.permission.WRITE_SMS"/> -->
33    <uses-permission
33-->src/main/AndroidManifest.xml:30:5-32:47
34        android:name="com.mysampleapp.permission.C2D_MESSAGE"
34-->src/main/AndroidManifest.xml:31:9-62
35        android:protectionLevel="signature" />
35-->src/main/AndroidManifest.xml:32:9-44
36    <uses-permission android:name="android.permission.READ_PHONE_STATE" />
37    <uses-permission android:name="android.permission.READ_EXTERNAL_STORAGE" />
38
39    <uses-feature android:name="android.hardware.camera" />
39-->[:lib_ImageGallery] AndroidManifest.xml:15:5-60
39-->[:lib_ImageGallery] AndroidManifest.xml:15:19-57
40    <uses-feature android:name="android.hardware.camera.autofocus" />
40-->[:lib_ImageGallery] AndroidManifest.xml:16:5-70
40-->[:lib_ImageGallery] AndroidManifest.xml:16:19-67
41    <uses-feature
41-->[:lib_ImageGallery] AndroidManifest.xml:17:5-19:36
42        android:name="android.hardware.camera.flash"
42-->[:lib_ImageGallery] AndroidManifest.xml:18:9-53
43        android:required="false" />
43-->[:lib_ImageGallery] AndroidManifest.xml:19:9-33
44    <uses-feature
44-->[com.google.android.gms:play-services-maps:16.0.0] AndroidManifest.xml:26:5-28:35
45        android:glEsVersion="0x00020000"
45-->[com.google.android.gms:play-services-maps:16.0.0] AndroidManifest.xml:27:9-41
46        android:required="true" />
46-->[com.google.android.gms:play-services-maps:16.0.0] AndroidManifest.xml:28:9-32
47
48    <uses-permission android:name="com.google.android.finsky.permission.BIND_GET_INSTALL_REFERRER_SERVICE" />
48-->[com.google.android.gms:play-services-measurement:17.5.0] AndroidManifest.xml:26:5-110
48-->[com.google.android.gms:play-services-measurement:17.5.0] AndroidManifest.xml:26:22-107
49
50    <application
50-->src/main/AndroidManifest.xml:34:5-374:19
51        android:name="androidx.multidex.MultiDexApplication"
52        android:allowBackup="true"
52-->src/main/AndroidManifest.xml:35:9-35
53        android:appComponentFactory="androidx.core.app.CoreComponentFactory"
53-->[androidx.core:core:1.0.0] AndroidManifest.xml:22:18-86
54        android:debuggable="true"
55        android:icon="@mipmap/ic_launcher"
55-->src/main/AndroidManifest.xml:36:9-43
56        android:label="@string/app_name"
56-->src/main/AndroidManifest.xml:37:9-41
57        android:supportsRtl="true"
57-->src/main/AndroidManifest.xml:38:9-35
58        android:testOnly="true"
59        android:theme="@style/AppTheme"
59-->src/main/AndroidManifest.xml:39:9-40
60        android:usesCleartextTraffic="true" >
60-->src/main/AndroidManifest.xml:40:9-44
61        <activity
61-->src/main/AndroidManifest.xml:41:9-42:54
62            android:name="com.afieat.ini.AddressFromMapActivity"
62-->src/main/AndroidManifest.xml:41:19-57
63            android:windowSoftInputMode="adjustPan" />
63-->src/main/AndroidManifest.xml:42:13-52
64        <activity
64-->src/main/AndroidManifest.xml:43:9-44:54
65            android:name="com.afieat.ini.DeliveryPointActivity"
65-->src/main/AndroidManifest.xml:43:19-56
66            android:windowSoftInputMode="adjustPan" /> <!-- <receiver android:name=".services.OtpReceiver"> -->
66-->src/main/AndroidManifest.xml:44:13-52
67        <!-- <intent-filter> -->
68        <!-- <action android:name="android.provider.Telephony.SMS_RECEIVED"/> -->
69        <!-- </intent-filter> -->
70        <!-- </receiver> -->
71        <activity android:name="com.afieat.ini.PhoneOtpScreen" />
71-->src/main/AndroidManifest.xml:49:9-52
71-->src/main/AndroidManifest.xml:49:19-49
72        <activity android:name="com.afieat.ini.PhoneRegistration" />
72-->src/main/AndroidManifest.xml:50:9-55
72-->src/main/AndroidManifest.xml:50:19-52
73        <activity
73-->src/main/AndroidManifest.xml:51:9-54:58
74            android:name="com.afieat.ini.PhoneActivity"
74-->src/main/AndroidManifest.xml:52:13-42
75            android:screenOrientation="portrait"
75-->src/main/AndroidManifest.xml:53:13-49
76            android:windowSoftInputMode="adjustResize" />
76-->src/main/AndroidManifest.xml:54:13-55
77
78        <uses-library
78-->src/main/AndroidManifest.xml:56:9-58:40
79            android:name="org.apache.http.legacy"
79-->src/main/AndroidManifest.xml:57:13-50
80            android:required="false" />
80-->src/main/AndroidManifest.xml:58:13-37
81        <!--
82             The API key for Google Maps-based APIs is defined as a string resource.
83             (See the file "res/values/google_maps_api.xml").
84             Note that the API key is linked to the encryption key used to sign the APK.
85             You need a different API key for each encryption key, including the release key that is used to
86             sign the APK for publishing.
87             You can define the keys for the debug and release targets in src/debug/ and src/release/.
88        -->
89        <!--
90<meta-data
91            android:name="com.google.android.geo.API_KEY"
92            android:value="AIzaSyDzVJ_z7IQf9zpZQmVJm7Hq8GMAiMoe-vc"/>
93        -->
94        <meta-data
94-->src/main/AndroidManifest.xml:72:9-74:55
95            android:name="com.google.android.geo.API_KEY"
95-->src/main/AndroidManifest.xml:73:13-58
96            android:value="@string/google_maps_key" />
96-->src/main/AndroidManifest.xml:74:13-52
97
98        <activity
98-->src/main/AndroidManifest.xml:76:9-79:48
99            android:name="com.facebook.FacebookActivity"
99-->src/main/AndroidManifest.xml:77:13-57
100            android:configChanges="keyboard|keyboardHidden|screenLayout|screenSize|orientation"
100-->src/main/AndroidManifest.xml:78:13-96
101            android:label="@string/app_name"
101-->src/main/AndroidManifest.xml:79:13-45
102            android:theme="@style/com_facebook_activity_theme" />
102-->[com.facebook.android:facebook-common:5.11.0] AndroidManifest.xml:32:13-63
103        <activity
103-->src/main/AndroidManifest.xml:80:9-91:20
104            android:name="com.facebook.CustomTabActivity"
104-->src/main/AndroidManifest.xml:81:13-58
105            android:exported="true" >
105-->src/main/AndroidManifest.xml:82:13-36
106            <intent-filter>
106-->src/main/AndroidManifest.xml:83:13-90:29
107                <action android:name="android.intent.action.VIEW" />
107-->src/main/AndroidManifest.xml:84:17-69
107-->src/main/AndroidManifest.xml:84:25-66
108
109                <category android:name="android.intent.category.DEFAULT" />
109-->src/main/AndroidManifest.xml:86:17-76
109-->src/main/AndroidManifest.xml:86:27-73
110                <category android:name="android.intent.category.BROWSABLE" />
110-->src/main/AndroidManifest.xml:87:17-78
110-->src/main/AndroidManifest.xml:87:27-75
111
112                <data android:scheme="@string/fb_login_protocol_scheme" />
112-->src/main/AndroidManifest.xml:89:17-75
112-->src/main/AndroidManifest.xml:89:23-72
113            </intent-filter>
114        </activity>
115
116        <meta-data
116-->src/main/AndroidManifest.xml:93:9-95:55
117            android:name="com.facebook.sdk.ApplicationId"
117-->src/main/AndroidManifest.xml:94:13-58
118            android:value="@string/facebook_app_id" />
118-->src/main/AndroidManifest.xml:95:13-52
119        <!--
120 <activity
121             android:name=".MapsActivity"
122             android:label="@string/title_activity_maps">
123         </activity>
124        -->
125        <!--
126        <receiver
127            android:name="com.amazonaws.mobileconnectors.pinpoint.targeting.notification.PinpointNotificationReceiver"
128            android:exported="false" >
129            <intent-filter>
130                <action android:name="com.amazonaws.intent.fcm.NOTIFICATION_OPEN" />
131            </intent-filter>
132        </receiver>
133        -->
134        <!--
135        <receiver
136            android:name="com.google.android.gms.gcm.GcmReceiver"
137            android:exported="true"
138            android:permission="com.google.android.c2dm.permission.SEND">
139            <intent-filter>
140                <action android:name="com.google.android.c2dm.intent.RECEIVE" />
141
142                <category android:name="com.github.hathibelagal.pn" />
143            </intent-filter>
144        </receiver
145        -->
146        <receiver
146-->src/main/AndroidManifest.xml:123:9-132:20
147            android:name="com.google.android.gms.gcm.GcmReceiver"
147-->src/main/AndroidManifest.xml:124:13-66
148            android:exported="true"
148-->src/main/AndroidManifest.xml:125:13-36
149            android:permission="com.google.android.c2dm.permission.SEND" >
149-->src/main/AndroidManifest.xml:126:13-73
150            <intent-filter>
150-->src/main/AndroidManifest.xml:127:13-131:29
151                <action android:name="com.google.android.c2dm.intent.RECEIVE" />
151-->src/main/AndroidManifest.xml:128:17-81
151-->src/main/AndroidManifest.xml:128:25-78
152
153                <category android:name="com.mysampleapp" />
153-->src/main/AndroidManifest.xml:130:17-60
153-->src/main/AndroidManifest.xml:130:27-57
154            </intent-filter>
155        </receiver>
156
157        <activity
157-->src/main/AndroidManifest.xml:134:9-144:20
158            android:name="com.afieat.ini.SplashActivity"
158-->src/main/AndroidManifest.xml:135:13-43
159            android:screenOrientation="portrait"
159-->src/main/AndroidManifest.xml:136:13-49
160            android:theme="@style/AppTheme.Fullscreen"
160-->src/main/AndroidManifest.xml:137:13-55
161            android:windowSoftInputMode="adjustResize" >
161-->src/main/AndroidManifest.xml:138:13-55
162            <intent-filter>
162-->src/main/AndroidManifest.xml:139:13-143:29
163                <action android:name="android.intent.action.MAIN" />
163-->src/main/AndroidManifest.xml:140:17-69
163-->src/main/AndroidManifest.xml:140:25-66
164
165                <category android:name="android.intent.category.LAUNCHER" />
165-->src/main/AndroidManifest.xml:142:17-77
165-->src/main/AndroidManifest.xml:142:27-74
166            </intent-filter>
167        </activity>
168        <activity
168-->src/main/AndroidManifest.xml:145:9-149:58
169            android:name="com.afieat.ini.LocationActivity"
169-->src/main/AndroidManifest.xml:146:13-45
170            android:screenOrientation="portrait"
170-->src/main/AndroidManifest.xml:147:13-49
171            android:theme="@style/AppTheme.TransparentStatusbar"
171-->src/main/AndroidManifest.xml:148:13-65
172            android:windowSoftInputMode="adjustResize" />
172-->src/main/AndroidManifest.xml:149:13-55
173        <activity
173-->src/main/AndroidManifest.xml:150:9-153:58
174            android:name="com.afieat.ini.CheckInActivity"
174-->src/main/AndroidManifest.xml:151:13-44
175            android:screenOrientation="portrait"
175-->src/main/AndroidManifest.xml:152:13-49
176            android:windowSoftInputMode="adjustResize" />
176-->src/main/AndroidManifest.xml:153:13-55
177        <activity
177-->src/main/AndroidManifest.xml:154:9-157:55
178            android:name="com.afieat.ini.LoginActivity"
178-->src/main/AndroidManifest.xml:155:13-42
179            android:screenOrientation="portrait"
179-->src/main/AndroidManifest.xml:156:13-49
180            android:windowSoftInputMode="adjustPan" />
180-->src/main/AndroidManifest.xml:157:13-52
181        <activity
181-->src/main/AndroidManifest.xml:158:9-175:20
182            android:name="com.afieat.ini.SignUpActivity"
182-->src/main/AndroidManifest.xml:159:13-43
183            android:screenOrientation="portrait"
183-->src/main/AndroidManifest.xml:160:13-49
184            android:windowSoftInputMode="adjustPan" >
184-->src/main/AndroidManifest.xml:161:13-52
185            <intent-filter android:autoVerify="true" >
185-->src/main/AndroidManifest.xml:162:13-174:29
185-->src/main/AndroidManifest.xml:162:28-53
186                <action android:name="android.intent.action.VIEW" />
186-->src/main/AndroidManifest.xml:84:17-69
186-->src/main/AndroidManifest.xml:84:25-66
187
188                <category android:name="android.intent.category.DEFAULT" />
188-->src/main/AndroidManifest.xml:86:17-76
188-->src/main/AndroidManifest.xml:86:27-73
189                <category android:name="android.intent.category.BROWSABLE" />
189-->src/main/AndroidManifest.xml:87:17-78
189-->src/main/AndroidManifest.xml:87:27-75
190
191                <data
191-->src/main/AndroidManifest.xml:89:17-75
192                    android:host="afieat.com"
192-->src/main/AndroidManifest.xml:169:21-46
193                    android:scheme="http" />
193-->src/main/AndroidManifest.xml:89:23-72
194                <data
194-->src/main/AndroidManifest.xml:89:17-75
195                    android:host="afieat.com"
195-->src/main/AndroidManifest.xml:169:21-46
196                    android:scheme="https" />
196-->src/main/AndroidManifest.xml:89:23-72
197            </intent-filter>
198        </activity>
199        <activity
199-->src/main/AndroidManifest.xml:176:9-179:58
200            android:name="com.afieat.ini.MainActivity"
200-->src/main/AndroidManifest.xml:177:13-41
201            android:screenOrientation="portrait"
201-->src/main/AndroidManifest.xml:178:13-49
202            android:windowSoftInputMode="adjustResize" />
202-->src/main/AndroidManifest.xml:179:13-55
203        <activity
203-->src/main/AndroidManifest.xml:180:9-184:58
204            android:name="com.afieat.ini.RestaurantsDetailActivity"
204-->src/main/AndroidManifest.xml:181:13-54
205            android:screenOrientation="portrait"
205-->src/main/AndroidManifest.xml:182:13-49
206            android:theme="@style/AppTheme.NoActionBarRestaurantsDetailActivity"
206-->src/main/AndroidManifest.xml:183:13-81
207            android:windowSoftInputMode="adjustResize" />
207-->src/main/AndroidManifest.xml:184:13-55
208        <activity
208-->src/main/AndroidManifest.xml:185:9-188:58
209            android:name="com.afieat.ini.FoodAddBasketActivity"
209-->src/main/AndroidManifest.xml:186:13-50
210            android:screenOrientation="portrait"
210-->src/main/AndroidManifest.xml:187:13-49
211            android:windowSoftInputMode="adjustResize" />
211-->src/main/AndroidManifest.xml:188:13-55
212        <activity
212-->src/main/AndroidManifest.xml:189:9-192:58
213            android:name="com.afieat.ini.BasketActivity"
213-->src/main/AndroidManifest.xml:190:13-43
214            android:screenOrientation="portrait"
214-->src/main/AndroidManifest.xml:191:13-49
215            android:windowSoftInputMode="adjustResize" />
215-->src/main/AndroidManifest.xml:192:13-55
216        <activity
216-->src/main/AndroidManifest.xml:193:9-196:58
217            android:name="com.afieat.ini.PaymentActivity"
217-->src/main/AndroidManifest.xml:194:13-44
218            android:screenOrientation="portrait"
218-->src/main/AndroidManifest.xml:195:13-49
219            android:windowSoftInputMode="adjustResize" />
219-->src/main/AndroidManifest.xml:196:13-55
220        <activity
220-->src/main/AndroidManifest.xml:197:9-200:58
221            android:name="com.afieat.ini.AddressSelectionActivity"
221-->src/main/AndroidManifest.xml:198:13-53
222            android:screenOrientation="portrait"
222-->src/main/AndroidManifest.xml:199:13-49
223            android:windowSoftInputMode="adjustResize" />
223-->src/main/AndroidManifest.xml:200:13-55
224        <activity
224-->src/main/AndroidManifest.xml:201:9-204:58
225            android:name="com.afieat.ini.PaymentSuccessActivity"
225-->src/main/AndroidManifest.xml:202:13-51
226            android:screenOrientation="portrait"
226-->src/main/AndroidManifest.xml:203:13-49
227            android:windowSoftInputMode="adjustResize" />
227-->src/main/AndroidManifest.xml:204:13-55
228        <activity
228-->src/main/AndroidManifest.xml:205:9-208:55
229            android:name="com.afieat.ini.AddressAddActivity"
229-->src/main/AndroidManifest.xml:206:13-47
230            android:screenOrientation="portrait"
230-->src/main/AndroidManifest.xml:207:13-49
231            android:windowSoftInputMode="adjustPan" />
231-->src/main/AndroidManifest.xml:208:13-52
232        <!--
233 <meta-data
234            android:name="com.google.android.gms.version"
235            android:value="@integer/google_play_services_version" />
236        -->
237        <meta-data
237-->src/main/AndroidManifest.xml:214:9-216:72
238            android:name="io.fabric.ApiKey"
238-->src/main/AndroidManifest.xml:215:13-44
239            android:value="00db1cf1d64cab06ca7932ab2e65b94dc55f56a2" />
239-->src/main/AndroidManifest.xml:216:13-69
240        <meta-data
240-->src/main/AndroidManifest.xml:217:9-219:57
241            android:name="preloaded_fonts"
241-->src/main/AndroidManifest.xml:218:13-43
242            android:resource="@array/preloaded_fonts" />
242-->src/main/AndroidManifest.xml:219:13-54
243
244        <activity
244-->src/main/AndroidManifest.xml:221:9-224:58
245            android:name="com.afieat.ini.WalletActivity"
245-->src/main/AndroidManifest.xml:222:13-43
246            android:screenOrientation="portrait"
246-->src/main/AndroidManifest.xml:223:13-49
247            android:windowSoftInputMode="adjustResize" />
247-->src/main/AndroidManifest.xml:224:13-55
248        <activity
248-->src/main/AndroidManifest.xml:225:9-228:58
249            android:name="com.afieat.ini.ProfileActivity"
249-->src/main/AndroidManifest.xml:226:13-44
250            android:screenOrientation="portrait"
250-->src/main/AndroidManifest.xml:227:13-49
251            android:windowSoftInputMode="adjustResize" />
251-->src/main/AndroidManifest.xml:228:13-55
252        <activity
252-->src/main/AndroidManifest.xml:229:9-232:58
253            android:name="com.afieat.ini.ChangePasswordActivity"
253-->src/main/AndroidManifest.xml:230:13-51
254            android:screenOrientation="portrait"
254-->src/main/AndroidManifest.xml:231:13-49
255            android:windowSoftInputMode="adjustResize" />
255-->src/main/AndroidManifest.xml:232:13-55
256        <activity
256-->src/main/AndroidManifest.xml:233:9-236:58
257            android:name="com.afieat.ini.ReviewsActivity"
257-->src/main/AndroidManifest.xml:234:13-44
258            android:screenOrientation="portrait"
258-->src/main/AndroidManifest.xml:235:13-49
259            android:windowSoftInputMode="adjustResize" />
259-->src/main/AndroidManifest.xml:236:13-55
260        <activity
260-->src/main/AndroidManifest.xml:237:9-240:58
261            android:name="com.afieat.ini.OrdersActivity"
261-->src/main/AndroidManifest.xml:238:13-43
262            android:screenOrientation="portrait"
262-->src/main/AndroidManifest.xml:239:13-49
263            android:windowSoftInputMode="adjustResize" />
263-->src/main/AndroidManifest.xml:240:13-55
264        <activity
264-->src/main/AndroidManifest.xml:241:9-244:58
265            android:name="com.afieat.ini.RestaurantListActivity"
265-->src/main/AndroidManifest.xml:242:13-51
266            android:screenOrientation="portrait"
266-->src/main/AndroidManifest.xml:243:13-49
267            android:windowSoftInputMode="adjustResize" />
267-->src/main/AndroidManifest.xml:244:13-55
268        <activity
268-->src/main/AndroidManifest.xml:245:9-248:58
269            android:name="com.afieat.ini.SearchActivity"
269-->src/main/AndroidManifest.xml:246:13-43
270            android:screenOrientation="portrait"
270-->src/main/AndroidManifest.xml:247:13-49
271            android:windowSoftInputMode="adjustResize" />
271-->src/main/AndroidManifest.xml:248:13-55
272        <activity
272-->src/main/AndroidManifest.xml:249:9-252:58
273            android:name="com.afieat.ini.ViewOnlineSearchActivity"
273-->src/main/AndroidManifest.xml:250:13-53
274            android:screenOrientation="portrait"
274-->src/main/AndroidManifest.xml:251:13-49
275            android:windowSoftInputMode="adjustResize" />
275-->src/main/AndroidManifest.xml:252:13-55
276        <activity
276-->src/main/AndroidManifest.xml:253:9-256:58
277            android:name="com.afieat.ini.CategoryListActivity"
277-->src/main/AndroidManifest.xml:254:13-49
278            android:screenOrientation="portrait"
278-->src/main/AndroidManifest.xml:255:13-49
279            android:windowSoftInputMode="adjustResize" />
279-->src/main/AndroidManifest.xml:256:13-55
280        <activity
280-->src/main/AndroidManifest.xml:257:9-260:58
281            android:name="com.afieat.ini.LanguageSelectionActivity"
281-->src/main/AndroidManifest.xml:258:13-54
282            android:screenOrientation="portrait"
282-->src/main/AndroidManifest.xml:259:13-49
283            android:windowSoftInputMode="adjustResize" />
283-->src/main/AndroidManifest.xml:260:13-55
284        <activity
284-->src/main/AndroidManifest.xml:261:9-264:58
285            android:name="com.afieat.ini.OrderDetailsActivity"
285-->src/main/AndroidManifest.xml:262:13-49
286            android:screenOrientation="portrait"
286-->src/main/AndroidManifest.xml:263:13-49
287            android:windowSoftInputMode="adjustResize" />
287-->src/main/AndroidManifest.xml:264:13-55
288        <activity
288-->src/main/AndroidManifest.xml:265:9-268:58
289            android:name="com.afieat.ini.CardPaymentActivity"
289-->src/main/AndroidManifest.xml:266:13-48
290            android:screenOrientation="portrait"
290-->src/main/AndroidManifest.xml:267:13-49
291            android:windowSoftInputMode="adjustResize" />
291-->src/main/AndroidManifest.xml:268:13-55
292        <activity
292-->src/main/AndroidManifest.xml:269:9-272:58
293            android:name="com.afieat.ini.BasketActivity2"
293-->src/main/AndroidManifest.xml:270:13-44
294            android:screenOrientation="portrait"
294-->src/main/AndroidManifest.xml:271:13-49
295            android:windowSoftInputMode="adjustResize" />
295-->src/main/AndroidManifest.xml:272:13-55
296        <activity
296-->src/main/AndroidManifest.xml:273:9-276:58
297            android:name="com.afieat.ini.NotificationActivity"
297-->src/main/AndroidManifest.xml:274:13-49
298            android:screenOrientation="portrait"
298-->src/main/AndroidManifest.xml:275:13-49
299            android:windowSoftInputMode="adjustResize" />
299-->src/main/AndroidManifest.xml:276:13-55
300        <activity
300-->src/main/AndroidManifest.xml:277:9-280:58
301            android:name="com.afieat.ini.HelpCenterActivity"
301-->src/main/AndroidManifest.xml:278:13-47
302            android:screenOrientation="portrait"
302-->src/main/AndroidManifest.xml:279:13-49
303            android:windowSoftInputMode="adjustResize" />
303-->src/main/AndroidManifest.xml:280:13-55
304        <activity
304-->src/main/AndroidManifest.xml:281:9-284:58
305            android:name="com.afieat.ini.ChatCenterActivity"
305-->src/main/AndroidManifest.xml:282:13-47
306            android:screenOrientation="portrait"
306-->src/main/AndroidManifest.xml:283:13-49
307            android:windowSoftInputMode="adjustResize" />
307-->src/main/AndroidManifest.xml:284:13-55
308
309        <service android:name="com.afieat.ini.services.MyFirebaseInstanceIDService" >
309-->src/main/AndroidManifest.xml:286:9-290:19
309-->src/main/AndroidManifest.xml:286:18-70
310            <intent-filter>
310-->src/main/AndroidManifest.xml:287:13-289:29
311                <action android:name="com.google.firebase.INSTANCE_ID_EVENT" />
311-->src/main/AndroidManifest.xml:288:17-80
311-->src/main/AndroidManifest.xml:288:25-77
312            </intent-filter>
313        </service>
314        <service android:name="com.afieat.ini.services.MyFirebaseMessagingService" >
314-->src/main/AndroidManifest.xml:291:9-295:19
314-->src/main/AndroidManifest.xml:291:18-69
315            <intent-filter>
315-->src/main/AndroidManifest.xml:292:13-294:29
316                <action android:name="com.google.firebase.MESSAGING_EVENT" />
316-->src/main/AndroidManifest.xml:293:17-78
316-->src/main/AndroidManifest.xml:293:25-75
317            </intent-filter>
318        </service>
319
320        <activity
320-->src/main/AndroidManifest.xml:297:9-300:58
321            android:name="com.afieat.ini.ForgotPasswordActivity"
321-->src/main/AndroidManifest.xml:298:13-51
322            android:screenOrientation="portrait"
322-->src/main/AndroidManifest.xml:299:13-49
323            android:windowSoftInputMode="adjustResize" />
323-->src/main/AndroidManifest.xml:300:13-55
324        <activity
324-->src/main/AndroidManifest.xml:301:9-303:52
325            android:name="com.afieat.ini.ResetPasswordActivity"
325-->src/main/AndroidManifest.xml:302:13-50
326            android:screenOrientation="portrait" />
326-->src/main/AndroidManifest.xml:303:13-49
327        <activity android:name="com.afieat.ini.TrackYourOrderActivity" />
327-->src/main/AndroidManifest.xml:304:9-60
327-->src/main/AndroidManifest.xml:304:19-57
328        <activity
328-->src/main/AndroidManifest.xml:305:9-308:47
329            android:name="com.afieat.ini.DealsActivity"
329-->src/main/AndroidManifest.xml:306:13-42
330            android:label="@string/title_activity_deals"
330-->src/main/AndroidManifest.xml:307:13-57
331            android:theme="@style/AppTheme" />
331-->src/main/AndroidManifest.xml:308:13-44
332        <activity
332-->src/main/AndroidManifest.xml:309:9-312:58
333            android:name="com.afieat.ini.CustomerReviewActivity"
333-->src/main/AndroidManifest.xml:310:13-51
334            android:screenOrientation="portrait"
334-->src/main/AndroidManifest.xml:311:13-49
335            android:windowSoftInputMode="adjustResize" />
335-->src/main/AndroidManifest.xml:312:13-55
336        <activity
336-->src/main/AndroidManifest.xml:313:9-316:54
337            android:name="com.afieat.ini.FullScreenImageDisplay"
337-->src/main/AndroidManifest.xml:314:13-51
338            android:screenOrientation="portrait"
338-->src/main/AndroidManifest.xml:315:13-49
339            android:theme="@style/ImageScreeTheme" />
339-->src/main/AndroidManifest.xml:316:13-51
340        <activity
340-->src/main/AndroidManifest.xml:317:9-319:52
341            android:name="com.afieat.ini.ProductDetailedActivity"
341-->src/main/AndroidManifest.xml:318:13-52
342            android:screenOrientation="portrait" />
342-->src/main/AndroidManifest.xml:319:13-49
343        <activity
343-->src/main/AndroidManifest.xml:320:9-322:52
344            android:name="com.afieat.ini.DetailActivityClick_Page"
344-->src/main/AndroidManifest.xml:321:13-53
345            android:screenOrientation="portrait" />
345-->src/main/AndroidManifest.xml:322:13-49
346        <activity
346-->src/main/AndroidManifest.xml:323:9-325:52
347            android:name="com.afieat.ini.LocationDrawerActivityNew"
347-->src/main/AndroidManifest.xml:324:13-54
348            android:screenOrientation="portrait" />
348-->src/main/AndroidManifest.xml:325:13-49
349        <activity
349-->src/main/AndroidManifest.xml:326:9-358:20
350            android:name="com.afieat.ini.VoucherActivity"
350-->src/main/AndroidManifest.xml:327:13-44
351            android:screenOrientation="portrait" >
351-->src/main/AndroidManifest.xml:328:13-49
352            <intent-filter android:autoVerify="true" >
352-->src/main/AndroidManifest.xml:329:13-341:29
352-->src/main/AndroidManifest.xml:329:28-53